# JRE version: Java(TM) SE Runtime Environment (8.0_281-b09) (build 1.8.0_281-b09)
# Java VM: Java HotSpot(TM) 64-Bit Server VM (25.281-b09 mixed mode windows-amd64 compressed oops)
Heap:
 PSYoungGen      total 192000K, used 0K [0x00000000d6600000, 0x00000000e3100000, 0x0000000100000000)
  eden space 178688K, 0% used [0x00000000d6600000,0x00000000d6600000,0x00000000e1480000)
  from space 13312K, 0% used [0x00000000e1700000,0x00000000e1700000,0x00000000e2400000)
  to   space 9728K, 0% used [0x00000000e2780000,0x00000000e2780000,0x00000000e3100000)
 ParOldGen       total 72192K, used 17443K [0x0000000083200000, 0x0000000087880000, 0x00000000d6600000)
  object space 72192K, 24% used [0x0000000083200000,0x0000000084308ef0,0x0000000087880000)
 Metaspace       used 43968K, capacity 46424K, committed 46720K, reserved 1099776K
  class space    used 6203K, capacity 6654K, committed 6784K, reserved 1048576K
GC Heap History (10 events):
Event: 6.690 GC heap after
Heap after GC invocations=18 (full 5):
 PSYoungGen      total 192000K, used 567K [0x00000000d6600000, 0x00000000e3100000, 0x0000000100000000)
  eden space 178688K, 0% used [0x00000000d6600000,0x00000000d6600000,0x00000000e1480000)
  from space 13312K, 4% used [0x00000000e1700000,0x00000000e178ddf0,0x00000000e2400000)
  to   space 9728K, 0% used [0x00000000e2780000,0x00000000e2780000,0x00000000e3100000)
 ParOldGen       total 72192K, used 17681K [0x0000000083200000, 0x0000000087880000, 0x00000000d6600000)
  object space 72192K, 24% used [0x0000000083200000,0x0000000084344590,0x0000000087880000)
 Metaspace       used 43968K, capacity 46424K, committed 46720K, reserved 1099776K
  class space    used 6203K, capacity 6654K, committed 6784K, reserved 1048576K
}
Event: 6.690 GC heap before
{Heap before GC invocations=19 (full 6):
 PSYoungGen      total 192000K, used 567K [0x00000000d6600000, 0x00000000e3100000, 0x0000000100000000)
  eden space 178688K, 0% used [0x00000000d6600000,0x00000000d6600000,0x00000000e1480000)
  from space 13312K, 4% used [0x00000000e1700000,0x00000000e178ddf0,0x00000000e2400000)
  to   space 9728K, 0% used [0x00000000e2780000,0x00000000e2780000,0x00000000e3100000)
 ParOldGen       total 72192K, used 17681K [0x0000000083200000, 0x0000000087880000, 0x00000000d6600000)
  object space 72192K, 24% used [0x0000000083200000,0x0000000084344590,0x0000000087880000)
 Metaspace       used 43968K, capacity 46424K, committed 46720K, reserved 1099776K
  class space    used 6203K, capacity 6654K, committed 6784K, reserved 1048576K
Event: 6.802 GC heap after
Heap after GC invocations=19 (full 6):
 PSYoungGen      total 192000K, used 0K [0x00000000d6600000, 0x00000000e3100000, 0x0000000100000000)
  eden space 178688K, 0% used [0x00000000d6600000,0x00000000d6600000,0x00000000e1480000)
  from space 13312K, 0% used [0x00000000e1700000,0x00000000e1700000,0x00000000e2400000)
  to   space 9728K, 0% used [0x00000000e2780000,0x00000000e2780000,0x00000000e3100000)
 ParOldGen       total 72192K, used 17629K [0x0000000083200000, 0x0000000087880000, 0x00000000d6600000)
  object space 72192K, 24% used [0x0000000083200000,0x0000000084337620,0x0000000087880000)
 Metaspace       used 43968K, capacity 46424K, committed 46720K, reserved 1095680K
  class space    used 6203K, capacity 6654K, committed 6784K, reserved 1048576K
}
Event: 6.803 GC heap before
{Heap before GC invocations=20 (full 6):
 PSYoungGen      total 192000K, used 0K [0x00000000d6600000, 0x00000000e3100000, 0x0000000100000000)
  eden space 178688K, 0% used [0x00000000d6600000,0x00000000d6600000,0x00000000e1480000)
  from space 13312K, 0% used [0x00000000e1700000,0x00000000e1700000,0x00000000e2400000)
  to   space 9728K, 0% used [0x00000000e2780000,0x00000000e2780000,0x00000000e3100000)
 ParOldGen       total 72192K, used 17629K [0x0000000083200000, 0x0000000087880000, 0x00000000d6600000)
  object space 72192K, 24% used [0x0000000083200000,0x0000000084337620,0x0000000087880000)
 Metaspace       used 43968K, capacity 46424K, committed 46720K, reserved 1099776K
  class space    used 6203K, capacity 6654K, committed 6784K, reserved 1048576K
Event: 6.805 GC heap after
Heap after GC invocations=20 (full 6):
 PSYoungGen      total 188416K, used 0K [0x00000000d6600000, 0x00000000e3100000, 0x0000000100000000)
  eden space 178688K, 0% used [0x00000000d6600000,0x00000000d6600000,0x00000000e1480000)
  from space 9728K, 0% used [0x00000000e2780000,0x00000000e2780000,0x00000000e3100000)
  to   space 13312K, 0% used [0x00000000e1700000,0x00000000e1700000,0x00000000e2400000)
 ParOldGen       total 72192K, used 17629K [0x0000000083200000, 0x0000000087880000, 0x00000000d6600000)
  object space 72192K, 24% used [0x0000000083200000,0x0000000084337620,0x0000000087880000)
 Metaspace       used 43968K, capacity 46424K, committed 46720K, reserved 1099776K
  class space    used 6203K, capacity 6654K, committed 6784K, reserved 1048576K
}
Event: 6.805 GC heap before
{Heap before GC invocations=21 (full 7):
 PSYoungGen      total 188416K, used 0K [0x00000000d6600000, 0x00000000e3100000, 0x0000000100000000)
  eden space 178688K, 0% used [0x00000000d6600000,0x00000000d6600000,0x00000000e1480000)
  from space 9728K, 0% used [0x00000000e2780000,0x00000000e2780000,0x00000000e3100000)
  to   space 13312K, 0% used [0x00000000e1700000,0x00000000e1700000,0x00000000e2400000)
 ParOldGen       total 72192K, used 17629K [0x0000000083200000, 0x0000000087880000, 0x00000000d6600000)
  object space 72192K, 24% used [0x0000000083200000,0x0000000084337620,0x0000000087880000)
 Metaspace       used 43968K, capacity 46424K, committed 46720K, reserved 1099776K
  class space    used 6203K, capacity 6654K, committed 6784K, reserved 1048576K
Event: 6.829 GC heap after
Heap after GC invocations=21 (full 7):
 PSYoungGen      total 188416K, used 0K [0x00000000d6600000, 0x00000000e3100000, 0x0000000100000000)
  eden space 178688K, 0% used [0x00000000d6600000,0x00000000d6600000,0x00000000e1480000)
  from space 9728K, 0% used [0x00000000e2780000,0x00000000e2780000,0x00000000e3100000)
  to   space 13312K, 0% used [0x00000000e1700000,0x00000000e1700000,0x00000000e2400000)
 ParOldGen       total 72192K, used 17443K [0x0000000083200000, 0x0000000087880000, 0x00000000d6600000)
  object space 72192K, 24% used [0x0000000083200000,0x0000000084308ef0,0x0000000087880000)
 Metaspace       used 43968K, capacity 46424K, committed 46720K, reserved 1095680K
  class space    used 6203K, capacity 6654K, committed 6784K, reserved 1048576K
}
Event: 6.830 GC heap before
{Heap before GC invocations=22 (full 7):
 PSYoungGen      total 188416K, used 0K [0x00000000d6600000, 0x00000000e3100000, 0x0000000100000000)
  eden space 178688K, 0% used [0x00000000d6600000,0x00000000d6600000,0x00000000e1480000)
  from space 9728K, 0% used [0x00000000e2780000,0x00000000e2780000,0x00000000e3100000)
  to   space 13312K, 0% used [0x00000000e1700000,0x00000000e1700000,0x00000000e2400000)
 ParOldGen       total 72192K, used 17443K [0x0000000083200000, 0x0000000087880000, 0x00000000d6600000)
  object space 72192K, 24% used [0x0000000083200000,0x0000000084308ef0,0x0000000087880000)
 Metaspace       used 43968K, capacity 46424K, committed 46720K, reserved 1099776K
  class space    used 6203K, capacity 6654K, committed 6784K, reserved 1048576K
Event: 6.831 GC heap after
Heap after GC invocations=22 (full 7):
 PSYoungGen      total 192000K, used 0K [0x00000000d6600000, 0x00000000e3100000, 0x0000000100000000)
  eden space 178688K, 0% used [0x00000000d6600000,0x00000000d6600000,0x00000000e1480000)
  from space 13312K, 0% used [0x00000000e1700000,0x00000000e1700000,0x00000000e2400000)
  to   space 9728K, 0% used [0x00000000e2780000,0x00000000e2780000,0x00000000e3100000)
 ParOldGen       total 72192K, used 17443K [0x0000000083200000, 0x0000000087880000, 0x00000000d6600000)
  object space 72192K, 24% used [0x0000000083200000,0x0000000084308ef0,0x0000000087880000)
 Metaspace       used 43968K, capacity 46424K, committed 46720K, reserved 1099776K
  class space    used 6203K, capacity 6654K, committed 6784K, reserved 1048576K
}
Event: 6.831 GC heap before
{Heap before GC invocations=23 (full 8):
 PSYoungGen      total 192000K, used 0K [0x00000000d6600000, 0x00000000e3100000, 0x0000000100000000)
  eden space 178688K, 0% used [0x00000000d6600000,0x00000000d6600000,0x00000000e1480000)
  from space 13312K, 0% used [0x00000000e1700000,0x00000000e1700000,0x00000000e2400000)
  to   space 9728K, 0% used [0x00000000e2780000,0x00000000e2780000,0x00000000e3100000)
 ParOldGen       total 72192K, used 17443K [0x0000000083200000, 0x0000000087880000, 0x00000000d6600000)
  object space 72192K, 24% used [0x0000000083200000,0x0000000084308ef0,0x0000000087880000)
 Metaspace       used 43968K, capacity 46424K, committed 46720K, reserved 1099776K
  class space    used 6203K, capacity 6654K, committed 6784K, reserved 1048576K

